<?xml version="1.0" encoding="UTF-8"?>
<testng-results ignored="0" total="1" passed="1" failed="0" skipped="0">
  <reporter-output>
  </reporter-output>
  <suite started-at="2023-12-05T12:52:13 IST" name="Default suite" finished-at="2023-12-05T12:52:35 IST" duration-ms="22391">
    <groups>
    </groups>
    <test started-at="2023-12-05T12:52:13 IST" name="Default test" finished-at="2023-12-05T12:52:35 IST" duration-ms="22391">
      <class name="specialprograms.sandeeptest">
        <test-method signature="test01()[pri:0, instance:specialprograms.sandeeptest@942a29c]" started-at="2023-12-05T12:52:13 IST" name="test01" finished-at="2023-12-05T12:52:35 IST" duration-ms="22358" status="PASS">
          <reporter-output>
          </reporter-output>
        </test-method> <!-- test01 -->
      </class> <!-- specialprograms.sandeeptest -->
    </test> <!-- Default test -->
  </suite> <!-- Default suite -->
</testng-results>
