<?xml version="1.0" encoding="UTF-8"?>
<testng-results ignored="0" total="1" passed="1" failed="0" skipped="0">
  <reporter-output>
  </reporter-output>
  <suite started-at="2023-03-28T21:47:55 IST" name="Default suite" finished-at="2023-03-28T21:48:05 IST" duration-ms="9864">
    <groups>
    </groups>
    <test started-at="2023-03-28T21:47:55 IST" name="Default test" finished-at="2023-03-28T21:48:05 IST" duration-ms="9864">
      <class name="sarahouse.FileUpload">
        <test-method signature="setup()[pri:0, instance:sarahouse.FileUpload@5656be13]" started-at="2023-03-28T21:47:55 IST" name="setup" finished-at="2023-03-28T21:48:05 IST" duration-ms="9816" status="PASS">
          <reporter-output>
          </reporter-output>
        </test-method> <!-- setup -->
      </class> <!-- sarahouse.FileUpload -->
    </test> <!-- Default test -->
  </suite> <!-- Default suite -->
</testng-results>
