<?xml version="1.0" encoding="UTF-8"?>
<!-- Generated by org.testng.reporters.JUnitReportReporter -->
<testsuite hostname="LAPTOP-S5GJQ2UG" failures="0" tests="2" name="sarahouse.DuplicateCamp2" time="107.478" errors="0" timestamp="2023-03-26T20:43:24 IST" skipped="0">
  <testcase classname="sarahouse.DuplicateCamp2" name="campaignCreation" time="17.244"/>
  <system-out/>
  <testcase classname="sarahouse.DuplicateCamp2" name="campaignCreation" time="90.234"/>
  <system-out/>
</testsuite> <!-- sarahouse.DuplicateCamp2 -->
